生成启动时间为 2015/12/2 10:20:28。
     1>项目“C:\Users\june\Desktop\project7\project7\project7\project7.vcxproj”在节点 2 上(Build 个目标)。
     1>ClCompile:
         C:\Program Files (x86)\Microsoft Visual Studio 12.0\VC\bin\CL.exe /c /Zi /nologo /W3 /WX- /O2 /Oi /Oy- /GL /D WIN32 /D NDEBUG /D _CONSOLE /D _UNICODE /D UNICODE /Gm- /EHsc /MD /GS /Gy /fp:precise /Zc:wchar_t /Zc:forScope /Fo"Release\\" /Fd"Release\vc120.pdb" /Gd /TP /analyze- /errorReport:prompt main.cpp
         main.cpp
     1>c:\users\june\desktop\project7\project7\project7\dtwSeg.h : warning C4819: 该文件包含不能在当前代码页(936)中表示的字符。请将该文件保存为 Unicode 格式以防止数据丢失
     1>c:\users\june\desktop\project7\project7\project7\segment.h : warning C4819: 该文件包含不能在当前代码页(936)中表示的字符。请将该文件保存为 Unicode 格式以防止数据丢失
     1>main.cpp(40): warning C4018: “<”: 有符号/无符号不匹配
     1>main.cpp(54): warning C4244: “参数”: 从“double”转换到“float”，可能丢失数据
     1>main.cpp(84): warning C4018: “<”: 有符号/无符号不匹配
       Link:
         C:\Program Files (x86)\Microsoft Visual Studio 12.0\VC\bin\link.exe /ERRORREPORT:PROMPT /OUT:"C:\Users\june\Desktop\project7\project7\Release\project7.exe" /INCREMENTAL:NO /NOLOGO kernel32.lib user32.lib gdi32.lib winspool.lib comdlg32.lib advapi32.lib shell32.lib ole32.lib oleaut32.lib uuid.lib odbc32.lib odbccp32.lib /MANIFEST /MANIFESTUAC:"level='asInvoker' uiAccess='false'" /manifest:embed /DEBUG /PDB:"C:\Users\june\Desktop\project7\project7\Release\project7.pdb" /SUBSYSTEM:CONSOLE /OPT:REF /OPT:ICF /LTCG /TLBID:1 /DYNAMICBASE /NXCOMPAT /IMPLIB:"C:\Users\june\Desktop\project7\project7\Release\project7.lib" /MACHINE:X86 /SAFESEH Release\dtw.obj
         Release\dtwSeg.obj
         Release\getFile.obj
         Release\main.obj
         Release\segment.obj
         Release\train1.obj
         正在生成代码
         已完成代码的生成
         project7.vcxproj -> C:\Users\june\Desktop\project7\project7\Release\project7.exe
     1>已完成生成项目“C:\Users\june\Desktop\project7\project7\project7\project7.vcxproj”(Build 个目标)的操作。

生成成功。

已用时间 00:00:01.55
